In file included from [01m[K/home/user/test_ws/src/create_robot/create_driver/src/generic_motor_driver.cpp:29[m[K:
[01m[K/home/user/test_ws/src/create_robot/create_driver/include/create_driver/generic_motor_driver.h:[m[K In constructor â€˜[01m[KGenericMotorDriver::GenericMotorDriver()[m[Kâ€™:
[01m[K/home/user/test_ws/src/create_robot/create_driver/include/create_driver/generic_motor_driver.h:107:8:[m[K [01;35m[Kwarning: [m[Kâ€˜[01m[KGenericMotorDriver::is_running_slowly_[m[Kâ€™ will be initialized after [[01;35m[K]8;;https://gcc.gnu.org/onlinedocs/gcc/Warning-Options.html#index-Wreorder-Wreorder]8;;[m[K]
  107 |   bool [01;35m[Kis_running_slowly_[m[K;
      |        [01;35m[K^~~~~~~~~~~~~~~~~~[m[K
[01m[K/home/user/test_ws/src/create_robot/create_driver/include/create_driver/generic_motor_driver.h:91:33:[m[K [01;35m[Kwarning: [m[K  â€˜[01m[Ktf2_ros::TransformBroadcaster GenericMotorDriver::tf_broadcaster_[m[Kâ€™ [[01;35m[K]8;;https://gcc.gnu.org/onlinedocs/gcc/Warning-Options.html#index-Wreorder-Wreorder]8;;[m[K]
   91 |   tf2_ros::TransformBroadcaster [01;35m[Ktf_broadcaster_[m[K;
      |                                 [01;35m[K^~~~~~~~~~~~~~~[m[K
[01m[K/home/user/test_ws/src/create_robot/create_driver/src/generic_motor_driver.cpp:43:1:[m[K [01;35m[Kwarning: [m[K  when initialized here [[01;35m[K]8;;https://gcc.gnu.org/onlinedocs/gcc/Warning-Options.html#index-Wreorder-Wreorder]8;;[m[K]
   43 | [01;35m[KGenericMotorDriver[m[K::GenericMotorDriver()
      | [01;35m[K^~~~~~~~~~~~~~~~~~[m[K
[01m[K/home/user/test_ws/src/create_robot/create_driver/src/generic_motor_driver.cpp:69:72:[m[K [01;31m[Kerror: [m[Kexpected â€˜[01m[K)[m[Kâ€™ before â€˜[01m[K;[m[Kâ€™ token
   69 |   belt_drive_ratio_ = declare_parameter<double>[34m[K([m[K"belt_drive_ratio", 6.4[01;31m[K;[m[K
      |                                                [34m[K~[m[K                       [01;31m[K^[m[K
      |                                                                        [32m[K)[m[K
gmake[2]: *** [CMakeFiles/generic_motor_driver.dir/build.make:76: CMakeFiles/generic_motor_driver.dir/src/generic_motor_driver.cpp.o] Error 1
gmake[1]: *** [CMakeFiles/Makefile2:139: CMakeFiles/generic_motor_driver.dir/all] Error 2
gmake: *** [Makefile:146: all] Error 2
