[0.015s] Invoking command in '/home/user/test_ws/build/generic_motor_driver': CMAKE_PREFIX_PATH=${CMAKE_PREFIX_PATH}:/home/user/test_ws/install/create3_teleop:/home/user/test_ws/install/create3_examples_py:/home/user/launch_ws/install/py_launch_example:/home/user/create3_examples_ws/install/create3_teleop:/home/user/create3_examples_ws/install/create3_examples_py:/home/user/sweepbot_ws/install/sweepbot:/home/user/sweepbot_ws/install/my_teleop_config:/opt/ros/humble /usr/bin/cmake --build /home/user/test_ws/build/generic_motor_driver -- -j8 -l8
[0.069s] [35m[1mConsolidate compiler generated dependencies of target relay_controller[0m
[0.086s] [ 25%] [32mBuilding CXX object CMakeFiles/generic_motor_driver.dir/src/generic_motor_driver.cpp.o[0m
[0.090s] [ 75%] Built target relay_controller
[2.880s] In file included from [01m[K/home/user/test_ws/src/create_robot/create_driver/src/generic_motor_driver.cpp:29[m[K:
[2.880s] [01m[K/home/user/test_ws/src/create_robot/create_driver/include/create_driver/generic_motor_driver.h:[m[K In constructor â€˜[01m[KGenericMotorDriver::GenericMotorDriver()[m[Kâ€™:
[2.880s] [01m[K/home/user/test_ws/src/create_robot/create_driver/include/create_driver/generic_motor_driver.h:107:8:[m[K [01;35m[Kwarning: [m[Kâ€˜[01m[KGenericMotorDriver::is_running_slowly_[m[Kâ€™ will be initialized after [[01;35m[K]8;;https://gcc.gnu.org/onlinedocs/gcc/Warning-Options.html#index-Wreorder-Wreorder]8;;[m[K]
[2.880s]   107 |   bool [01;35m[Kis_running_slowly_[m[K;
[2.880s]       |        [01;35m[K^~~~~~~~~~~~~~~~~~[m[K
[2.880s] [01m[K/home/user/test_ws/src/create_robot/create_driver/include/create_driver/generic_motor_driver.h:91:33:[m[K [01;35m[Kwarning: [m[K  â€˜[01m[Ktf2_ros::TransformBroadcaster GenericMotorDriver::tf_broadcaster_[m[Kâ€™ [[01;35m[K]8;;https://gcc.gnu.org/onlinedocs/gcc/Warning-Options.html#index-Wreorder-Wreorder]8;;[m[K]
[2.880s]    91 |   tf2_ros::TransformBroadcaster [01;35m[Ktf_broadcaster_[m[K;
[2.880s]       |                                 [01;35m[K^~~~~~~~~~~~~~~[m[K
[2.880s] [01m[K/home/user/test_ws/src/create_robot/create_driver/src/generic_motor_driver.cpp:43:1:[m[K [01;35m[Kwarning: [m[K  when initialized here [[01;35m[K]8;;https://gcc.gnu.org/onlinedocs/gcc/Warning-Options.html#index-Wreorder-Wreorder]8;;[m[K]
[2.880s]    43 | [01;35m[KGenericMotorDriver[m[K::GenericMotorDriver()
[2.880s]       | [01;35m[K^~~~~~~~~~~~~~~~~~[m[K
[2.885s] [01m[K/home/user/test_ws/src/create_robot/create_driver/src/generic_motor_driver.cpp:69:72:[m[K [01;31m[Kerror: [m[Kexpected â€˜[01m[K)[m[Kâ€™ before â€˜[01m[K;[m[Kâ€™ token
[2.885s]    69 |   belt_drive_ratio_ = declare_parameter<double>[34m[K([m[K"belt_drive_ratio", 6.4[01;31m[K;[m[K
[2.885s]       |                                                [34m[K~[m[K                       [01;31m[K^[m[K
[2.886s]       |                                                                        [32m[K)[m[K
[5.969s] gmake[2]: *** [CMakeFiles/generic_motor_driver.dir/build.make:76: CMakeFiles/generic_motor_driver.dir/src/generic_motor_driver.cpp.o] Error 1
[5.969s] gmake[1]: *** [CMakeFiles/Makefile2:139: CMakeFiles/generic_motor_driver.dir/all] Error 2
[5.969s] gmake: *** [Makefile:146: all] Error 2
[5.972s] Invoked command in '/home/user/test_ws/build/generic_motor_driver' returned '2': CMAKE_PREFIX_PATH=${CMAKE_PREFIX_PATH}:/home/user/test_ws/install/create3_teleop:/home/user/test_ws/install/create3_examples_py:/home/user/launch_ws/install/py_launch_example:/home/user/create3_examples_ws/install/create3_teleop:/home/user/create3_examples_ws/install/create3_examples_py:/home/user/sweepbot_ws/install/sweepbot:/home/user/sweepbot_ws/install/my_teleop_config:/opt/ros/humble /usr/bin/cmake --build /home/user/test_ws/build/generic_motor_driver -- -j8 -l8
